# JRE version: 7.0_21-b11
# Java VM: Java HotSpot(TM) 64-Bit Server VM (23.21-b01 mixed mode linux-amd64 compressed oops)
Heap
 PSYoungGen      total 18240K, used 16149K [0x00000000ebab0000, 0x00000000ecf00000, 0x0000000100000000)
  eden space 15680K, 86% used [0x00000000ebab0000,0x00000000ec7f77e8,0x00000000eca00000)
  from space 2560K, 99% used [0x00000000ecc80000,0x00000000ecefdd08,0x00000000ecf00000)
  to   space 2560K, 0% used [0x00000000eca00000,0x00000000eca00000,0x00000000ecc80000)
 ParOldGen       total 41664K, used 3590K [0x00000000c3000000, 0x00000000c58b0000, 0x00000000ebab0000)
  object space 41664K, 8% used [0x00000000c3000000,0x00000000c33819b0,0x00000000c58b0000)
 PSPermGen       total 21824K, used 21704K [0x00000000bde00000, 0x00000000bf350000, 0x00000000c3000000)
  object space 21824K, 99% used [0x00000000bde00000,0x00000000bf332210,0x00000000bf350000)
GC Heap History (4 events):
Event: 1.768 GC heap before
{Heap before GC invocations=1 (full 0):
 PSYoungGen      total 18240K, used 15680K [0x00000000ebab0000, 0x00000000ecf00000, 0x0000000100000000)
  eden space 15680K, 100% used [0x00000000ebab0000,0x00000000eca00000,0x00000000eca00000)
  from space 2560K, 0% used [0x00000000ecc80000,0x00000000ecc80000,0x00000000ecf00000)
  to   space 2560K, 0% used [0x00000000eca00000,0x00000000eca00000,0x00000000ecc80000)
 ParOldGen       total 41664K, used 0K [0x00000000c3000000, 0x00000000c58b0000, 0x00000000ebab0000)
  object space 41664K, 0% used [0x00000000c3000000,0x00000000c3000000,0x00000000c58b0000)
 PSPermGen       total 21248K, used 11706K [0x00000000bde00000, 0x00000000bf2c0000, 0x00000000c3000000)
  object space 21248K, 55% used [0x00000000bde00000,0x00000000be96e958,0x00000000bf2c0000)
Event: 1.775 GC heap after
Heap after GC invocations=1 (full 0):
 PSYoungGen      total 18240K, used 2544K [0x00000000ebab0000, 0x00000000ecf00000, 0x0000000100000000)
  eden space 15680K, 0% used [0x00000000ebab0000,0x00000000ebab0000,0x00000000eca00000)
  from space 2560K, 99% used [0x00000000eca00000,0x00000000ecc7c030,0x00000000ecc80000)
  to   space 2560K, 0% used [0x00000000ecc80000,0x00000000ecc80000,0x00000000ecf00000)
 ParOldGen       total 41664K, used 831K [0x00000000c3000000, 0x00000000c58b0000, 0x00000000ebab0000)
  object space 41664K, 1% used [0x00000000c3000000,0x00000000c30cffb0,0x00000000c58b0000)
 PSPermGen       total 21248K, used 11706K [0x00000000bde00000, 0x00000000bf2c0000, 0x00000000c3000000)
  object space 21248K, 55% used [0x00000000bde00000,0x00000000be96e958,0x00000000bf2c0000)
}
Event: 5.634 GC heap before
{Heap before GC invocations=2 (full 0):
 PSYoungGen      total 18240K, used 18224K [0x00000000ebab0000, 0x00000000ecf00000, 0x0000000100000000)
  eden space 15680K, 100% used [0x00000000ebab0000,0x00000000eca00000,0x00000000eca00000)
  from space 2560K, 99% used [0x00000000eca00000,0x00000000ecc7c030,0x00000000ecc80000)
  to   space 2560K, 0% used [0x00000000ecc80000,0x00000000ecc80000,0x00000000ecf00000)
 ParOldGen       total 41664K, used 831K [0x00000000c3000000, 0x00000000c58b0000, 0x00000000ebab0000)
  object space 41664K, 1% used [0x00000000c3000000,0x00000000c30cffb0,0x00000000c58b0000)
 PSPermGen       total 21248K, used 18470K [0x00000000bde00000, 0x00000000bf2c0000, 0x00000000c3000000)
  object space 21248K, 86% used [0x00000000bde00000,0x00000000bf009a18,0x00000000bf2c0000)
Event: 5.644 GC heap after
Heap after GC invocations=2 (full 0):
 PSYoungGen      total 18240K, used 2551K [0x00000000ebab0000, 0x00000000ecf00000, 0x0000000100000000)
  eden space 15680K, 0% used [0x00000000ebab0000,0x00000000ebab0000,0x00000000eca00000)
  from space 2560K, 99% used [0x00000000ecc80000,0x00000000ecefdd08,0x00000000ecf00000)
  to   space 2560K, 0% used [0x00000000eca00000,0x00000000eca00000,0x00000000ecc80000)
 ParOldGen       total 41664K, used 3590K [0x00000000c3000000, 0x00000000c58b0000, 0x00000000ebab0000)
  object space 41664K, 8% used [0x00000000c3000000,0x00000000c33819b0,0x00000000c58b0000)
 PSPermGen       total 21248K, used 18470K [0x00000000bde00000, 0x00000000bf2c0000, 0x00000000c3000000)
  object space 21248K, 86% used [0x00000000bde00000,0x00000000bf009a18,0x00000000bf2c0000)
}

